Using pre-set license
Built from '2020.2/release' branch; Version is '2020.2.1f1 (270dd8c3da1c) revision 2559448'; Using compiler version '192528614'; Build Type 'Release'
OS: 'Windows 10  (10.0.0) 64bit' Language: 'en' Physical Memory: 65479 MB
BatchMode: 1, IsHumanControllingUs: 0, StartBugReporterOnCrash: 0, Is64bit: 1, IsPro: 0

 COMMAND LINE ARGUMENTS:
E:\Unity Editor\2020.2.1f1\Editor\Unity.exe
-adb2
-batchMode
-noUpm
-name
AssetImportWorker0
-projectPath
C:/Users/Silver/Desktop/Ever_Onward/Ever_Onward
-logFile
Logs/AssetImportWorker0.log
-srvPort
65205
Successfully changed project path to: C:/Users/Silver/Desktop/Ever_Onward/Ever_Onward
C:/Users/Silver/Desktop/Ever_Onward/Ever_Onward
Using Asset Import Pipeline V2.
Refreshing native plugins compatible for Editor in 36.06 ms, found 0 plugins.
Preloading 0 native plugins for Editor in 0.00 ms.
Initialize engine version: 2020.2.1f1 (270dd8c3da1c)
[Subsystems] Discovering subsystems at path E:/Unity Editor/2020.2.1f1/Editor/Data/Resources/UnitySubsystems
[Subsystems] Discovering subsystems at path C:/Users/Silver/Desktop/Ever_Onward/Ever_Onward/Assets
GfxDevice: creating device client; threaded=0
Direct3D:
    Version:  Direct3D 11.0 [level 11.1]
    Renderer: NVIDIA GeForce RTX 2080 (ID=0x1e82)
    Vendor:   
    VRAM:     8010 MB
    Driver:   30.0.14.7168
Initialize mono
Mono path[0] = 'E:/Unity Editor/2020.2.1f1/Editor/Data/Managed'
Mono path[1] = 'E:/Unity Editor/2020.2.1f1/Editor/Data/MonoBleedingEdge/lib/mono/unityjit'
Mono config path = 'E:/Unity Editor/2020.2.1f1/Editor/Data/MonoBleedingEdge/etc'
Using monoOptions --debugger-agent=transport=dt_socket,embedding=1,server=y,suspend=n,address=127.0.0.1:56800
Begin MonoManager ReloadAssembly
Registering precompiled unity dll's ...
Register platform support module: E:/Unity Editor/2020.2.1f1/Editor/Data/PlaybackEngines/WindowsStandaloneSupport/UnityEditor.WindowsStandalone.Extensions.dll
Registered in 0.001120 seconds.
Native extension for WindowsStandalone target not found
Refreshing native plugins compatible for Editor in 31.31 ms, found 0 plugins.
Preloading 0 native plugins for Editor in 0.00 ms.
Invoked RoslynAnalysisRunner static constructor.
RoslynAnalysisRunner will not be running.
RoslynAnalysisRunner has terminated.
Mono: successfully reloaded assembly
- Completed reload, in  0.962 seconds
Platform modules already initialized, skipping
Registering precompiled user dll's ...
Registered in 0.000984 seconds.
Begin MonoManager ReloadAssembly
Native extension for WindowsStandalone target not found
Refreshing native plugins compatible for Editor in 0.29 ms, found 0 plugins.
Preloading 0 native plugins for Editor in 0.00 ms.
Invoked RoslynAnalysisRunner static constructor.
RoslynAnalysisRunner will not be running.
RoslynAnalysisRunner has terminated.
Mono: successfully reloaded assembly
- Completed reload, in  0.776 seconds
Platform modules already initialized, skipping
========================================================================
Worker process is ready to serve import requests
Launched and connected shader compiler UnityShaderCompiler.exe after 0.03 seconds
Refreshing native plugins compatible for Editor in 0.30 ms, found 0 plugins.
Preloading 0 native plugins for Editor in 0.00 ms.
Unloading 1250 Unused Serialized files (Serialized files now loaded: 0)
System memory in use before: 141.7 MB.
System memory in use after: 141.7 MB.

Unloading 9 unused Assets to reduce memory usage. Loaded Objects now: 1701.
Total: 1.802900 ms (FindLiveObjects: 0.163700 ms CreateObjectMapping: 0.031500 ms MarkObjects: 1.536500 ms  DeleteObjects: 0.069800 ms)

========================================================================
Received Import Request.
  path: Assets/Assets/Asset Testing/Completed Environment.fbx
  artifactKey: Guid(01e3a091fd4189748b973878fc5c6a98) Importer(815301076,1909f56bfc062723c751e8b465ee728b)
Start importing Assets/Assets/Asset Testing/Completed Environment.fbx using Guid(01e3a091fd4189748b973878fc5c6a98) Importer(815301076,1909f56bfc062723c751e8b465ee728b)  -> (artifact id: '9fbd48cb56cb8a64c83e8a8ab8326b89') in 0.853277 seconds
  Import took 0.856820 seconds .

========================================================================
Received Import Request.
  Time since last request: 13.811566 seconds.
  path: Assets/Assets/Asset Testing/Completed Environment.fbx
  artifactKey: Guid(01e3a091fd4189748b973878fc5c6a98) Importer(815301076,1909f56bfc062723c751e8b465ee728b)
Start importing Assets/Assets/Asset Testing/Completed Environment.fbx using Guid(01e3a091fd4189748b973878fc5c6a98) Importer(815301076,1909f56bfc062723c751e8b465ee728b)  -> (artifact id: 'bd22411bbd0810f7176410ef932c6e23') in 0.626924 seconds
  Import took 0.630843 seconds .

AssetImportWorkerClient::OnTransportError - code=2 error=End of file
